<?xml version="1.0" encoding="UTF-8"?>
<!-- Generated by org.testng.reporters.JUnitReportReporter -->
<testsuite hostname="VWVITHLPUB2777" failures="0" tests="1" name="apitests.GetUserTest" time="15.521" errors="0" timestamp="2024-09-20T10:20:42 IST" skipped="0">
  <testcase classname="apitests.GetUserTest" name="testGripApi" time="15.521"/>
  <system-out/>
</testsuite> <!-- apitests.GetUserTest -->
