<?xml version="1.0" encoding="UTF-8"?>
<!-- Generated by org.testng.reporters.JUnitReportReporter -->
<testsuite hostname="VWVITHLPUB2449" failures="0" tests="1" name="org.vw.qa.Testcases.RestTest" time="3.186" errors="0" timestamp="2025-01-13T15:44:58 IST" skipped="0">
  <testcase classname="org.vw.qa.Testcases.RestTest" name="createAirline" time="3.186"/>
</testsuite> <!-- org.vw.qa.Testcases.RestTest -->
