<?xml version="1.0" encoding="UTF-8"?>
<!-- Generated by org.testng.reporters.JUnitReportReporter -->
<testsuite hostname="VWVITHLPUB2449" failures="0" tests="3" name="org.vw.qa.Testcases.Test" time="97.113" errors="0" timestamp="2024-05-30T19:56:46 IST" skipped="0">
  <testcase classname="org.vw.qa.Testcases.Test" name="nameB" time="40.948"/>
  <system-out/>
  <testcase classname="org.vw.qa.Testcases.Test" name="nameA" time="26.346"/>
  <system-out/>
  <testcase classname="org.vw.qa.Testcases.Test" name="name" time="29.819"/>
  <system-out/>
</testsuite> <!-- org.vw.qa.Testcases.Test -->
