<?xml version="1.0" encoding="UTF-8"?>
<!-- Generated by org.testng.reporters.JUnitReportReporter -->
<testsuite hostname="VWVITHLPUB2449" failures="0" tests="1" name="org.vw.qa.Testcases.RestTest" time="17.455" errors="0" timestamp="2024-10-11T13:03:25 IST" skipped="0">
  <testcase classname="org.vw.qa.Testcases.RestTest" name="apitest" time="17.455"/>
</testsuite> <!-- org.vw.qa.Testcases.RestTest -->
