<?xml version="1.0" encoding="UTF-8"?>
<!-- Generated by org.testng.reporters.JUnitReportReporter -->
<testsuite hostname="VWVITHLPUB2449" failures="0" tests="1" name="org.vw.qa.Testcases.saucedemo" time="7.574" errors="0" timestamp="2024-05-30T10:34:21 IST" skipped="0">
  <testcase classname="org.vw.qa.Testcases.saucedemo" name="Addtocart" time="7.574"/>
  <system-out/>
</testsuite> <!-- org.vw.qa.Testcases.saucedemo -->
