<?xml version="1.0" encoding="UTF-8"?>
<!-- Generated by org.testng.reporters.JUnitReportReporter -->
<testsuite hostname="VWVITHLPUB2777" failures="0" tests="1" name="apitests.GetCompanyConsumersTest" time="14.717" errors="0" timestamp="2024-09-20T17:47:49 IST" skipped="0">
  <testcase classname="apitests.GetCompanyConsumersTest" name="testGripApi" time="14.717"/>
  <system-out/>
</testsuite> <!-- apitests.GetCompanyConsumersTest -->
