<?xml version="1.0" encoding="UTF-8"?>
<!-- Generated by org.testng.reporters.JUnitReportReporter -->
<testsuite hostname="VWVITHLPUB2449" failures="0" tests="1" name="apitests.Airline" time="2.850" errors="0" timestamp="2025-01-13T15:20:22 IST" skipped="0">
  <testcase classname="apitests.Airline" name="createAirline" time="2.850"/>
</testsuite> <!-- apitests.Airline -->
