<?xml version="1.0" encoding="UTF-8"?>
<!-- Generated by org.testng.reporters.JUnitReportReporter -->
<testsuite hostname="VWVITHLPUB2449" failures="0" tests="1" name="org.vw.qa.Testcases.Demo" time="6.556" errors="0" timestamp="2024-04-26T21:04:34 IST" skipped="0">
  <testcase classname="org.vw.qa.Testcases.Demo" name="sidisprime" time="6.556"/>
  <system-out/>
</testsuite> <!-- org.vw.qa.Testcases.Demo -->
